<?xml version="1.0" encoding="UTF-8"?>
<!-- Generated by org.testng.reporters.JUnitReportReporter -->
<testsuite hostname="Digital-PC" failures="0" tests="1" name="Test.LoginTest" time="40.861" errors="0" timestamp="2022-05-10T23:49:13 IST" skipped="0">
  <testcase classname="Test.LoginTest" name="validateLogin" time="40.861"/>
  <system-out/>
</testsuite> <!-- Test.LoginTest -->
