<?xml version="1.0" encoding="UTF-8"?>
<!-- Generated by org.testng.reporters.JUnitReportReporter -->
<testsuite hostname="Digital-PC" failures="0" tests="1" name="SoftwareDevelopmentEngineerTest.ShubhamTest.LoginTest" time="45.743" errors="0" timestamp="2022-05-10T19:01:15 IST" skipped="0">
  <testcase classname="SoftwareDevelopmentEngineerTest.ShubhamTest.LoginTest" name="validateLogin" time="45.743"/>
  <system-out/>
</testsuite> <!-- SoftwareDevelopmentEngineerTest.ShubhamTest.LoginTest -->
